3 [ ala 13 ]

3 [ ala 13 ]
4 [ ola 23 ]

3 [ ola 23 ]

3 [ ala 13 ]
4 [ ola 23 ]
5 [ ula 14 ]
6 [ ela 34 ]

2 [ ola 23 ]
3 [ ala 13 ]
4 [ ula 14 ]

0 [ ola 23 ]
3 [ ala 13 ]
4 [ ela 54 ]

0 [ ola 23 ]
3 [ ala 13 ]
4 [ ela 54 ]
5 [ ula 74 ]

2 [ ula 74 ]
3 [ ola 23 ]
4 [ ela 54 ]

5 [ A 27 ]
6 [ B 38 ]
7 [ C 116 ]
8 [ D 161 ]
9 [ E 96 ]

5 [ B 38 ]
6 [ C 116 ]
7 [ D 161 ]
8 [ E 96 ]

7 [ D 161 ]

0 [ L 230 ]
10 [ K 373 ]

10 [ L 230 ]

0 [ N 119 ]
9 [ M 361 ]
10 [ L 230 ]

9 [ N 119 ]
10 [ L 230 ]

